
--------------------------------------------------
TXLib соболезнует...

Программа: E:\проэкты на C++\мульт1212\bin\Debug\мульт1212.exe, файл: e:\codeblocks\mingw\include\txlib.h, строка: 14346, функция: intptr_t {anonymous}::TX::txPlayVideo(int, int, int, int, const char*, double, double, HWND),

Сообщение: Возможно, окно рисования не создано или не в порядке.

#1: TXLib [Ver: 00173a, Rev: 173, Date: 2024-06-23 22:37:05 +0400], Instance: 0x005072FC (32-bit), Flags: CMdre0, Thread: 0x39E8 (Main), GetLastError(): 13 (Недопустимые данные). 

--------------------------------------------------
Стек вызовов:

# 0 0x00426E13 in E:\проэкты на C++\мульт1212\bin\Debug\мульт1212.exe: (anonymous namespace)::TX::txPlayVideo() at e:/codeblocks/mingw/include/txlib.h (14346)
# 1 0x00427FC2 in E:\проэкты на C++\мульт1212\bin\Debug\мульт1212.exe: (anonymous namespace)::TX::txPlayVideo() at e:/codeblocks/mingw/include/txlib.h (14498)
# 2 0x00405787 in E:\проэкты на C++\мульт1212\bin\Debug\мульт1212.exe: (anonymous namespace)::TX::_txCleanup() at e:/codeblocks/mingw/include/txlib.h (9116)
# 3 0x0040499A in E:\проэкты на C++\мульт1212\bin\Debug\мульт1212.exe: (anonymous namespace)::TX::_txOnCExit() at e:/codeblocks/mingw/include/txlib.h (8925)
# 4 0x00401284 in E:\проэкты на C++\мульт1212\bin\Debug\мульт1212.exe: __mingw_CRTStartup()
# 5 0x004012C5 in E:\проэкты на C++\мульт1212\bin\Debug\мульт1212.exe: WinMainCRTStartup()
# 6 0x77A47C5E in C:\Windows\SYSTEM32\ntdll.dll: RtlGetAppContainerNamedObjectPath()
# 7 0x77A47C2E in C:\Windows\SYSTEM32\ntdll.dll: RtlGetAppContainerNamedObjectPath()

--------------------------------------------------
Стек вызовов TX:

# 0 in intptr_t {anonymous}::TX::txPlayVideo(int, int, int, int, const char*, double, double, HWND) at e:\codeblocks\mingw\include\txlib.h:14346:

  14344:                       double zoom /*= 0*/, double gain /*= 1*/, HWND wnd /*= txWindow()*/)
  14345:     {
=>14346: $1  if (wnd && wnd == txWindow() && _TX_TXWINDOW_FAILED()) return -1;
  14347: 
  14348: $   int time = GetTickCount();  //-V2551

# 1 in intptr_t {anonymous}::TX::txPlayVideo(const char*, double, double, HWND) at e:\codeblocks\mingw\include\txlib.h:14498:

  14496: intptr_t txPlayVideo (const char fileName[], double zoom /*= 0*/, double gain /*= 0*/, HWND wnd /*= txWindow()*/)
  14497:     {
=>14498: $1  return txPlayVideo (0, 0, 0, 0, fileName, zoom, gain, wnd);
  14499:     }
  14500: 

# 2 in void {anonymous}::TX::_txCleanup() at e:\codeblocks\mingw\include\txlib.h:9116:

   9114: 
   9115: $   txSpeak     (NULL);
=> 9116: $   txPlayVideo (NULL);
   9117: 
   9118: $   delete _txCanvas_UserDCs;

# 3 in void {anonymous}::TX::_txOnCExit() at e:\codeblocks\mingw\include\txlib.h:8925:

   8923:     OutputDebugString ("\n");
   8924: 
=> 8925: $5  _txCleanup();
   8926: 
   8927:     _TX_CALLv (Win32::_cexit, ());

# 4 in int main() at E:\проэкты на C++\мульт1212\main.cpp:66:

     64: 
     65: 
=>   66:     txTextCursor (false);
     67:     return 0;
     68:     }

--------------------------------------------------
Developed with:

The Dumb Artist Library (TX Library)
TXLib [Ver: 00173a, Rev: 173, Date: 2024-06-23 22:37:05 +0400]
Copyright (C) Ded (Ilya Dedinsky, http://txlib.ru) <mail@txlib.ru>
See license on: http://txlib.ru

TXLib file:	e:\codeblocks\mingw\include\txlib.h
Compiled:	Sep 17 2024 18:24:49, GNU g++ 4.8.1, std=201103L, MinGW Runtime 3.20, 32-bit, DEBUG
Started:	Sep 17 2024 18:24:51

Run file:	E:\проэкты на C++\мульт1212\bin\Debug\мульт1212.exe
Directory:	E:\проэкты на C++\мульт1212

--------------------------------------------------
